TN:
SF:src/_lib/analytics/session_id.ts
FN:4,generateSessionId
FN:11,getSessionId
FNF:2
FNH:2
FNDA:3,generateSessionId
FNDA:2,getSessionId
DA:1,1
DA:2,1
DA:3,1
DA:4,3
DA:5,3
DA:6,3
DA:7,3
DA:8,3
DA:9,1
DA:10,1
DA:11,2
DA:12,2
DA:13,2
DA:14,2
DA:15,0
DA:16,2
DA:17,2
DA:18,2
DA:19,2
DA:20,1
DA:21,1
DA:22,1
LF:22
LH:21
BRDA:4,0,0,3
BRDA:11,1,0,2
BRDA:14,2,0,0
BRF:3
BRH:2
end_of_record
TN:
SF:src/components/SearchPage/filters/helper.ts
FN:1,createNumberArray
FN:5,createPriceArray
FNF:2
FNH:2
FNDA:1,createNumberArray
FNDA:1,createPriceArray
DA:1,1
DA:2,1
DA:3,1
DA:4,1
DA:5,1
DA:6,1
DA:7,1
DA:8,1
DA:9,1
DA:10,1
DA:11,1
DA:12,1
DA:13,1
DA:14,1
DA:15,1
DA:16,1
DA:17,1
DA:18,1
DA:19,1
LF:19
LH:19
BRDA:1,0,0,1
BRDA:2,1,0,3
BRDA:5,2,0,1
BRDA:7,3,0,5
BRF:4
BRH:4
end_of_record
